{"name": "confirm user enters valid email", "status": "failed", "statusDetails": {"message": "AssertionError: Checking by locator ('xpath', '//div/p[@class]'). Expected To continue, let us know you're not a robot., but got \n          4.47 /\n            5.0\n        \n", "trace": "  File \"C:\\Users\\sfrog\\AppData\\Local\\Programs\\Python\\Python311\\Lib\\site-packages\\behave\\model.py\", line 1329, in run\n    match.run(runner.context)\n  File \"C:\\Users\\sfrog\\AppData\\Local\\Programs\\Python\\Python311\\Lib\\site-packages\\behave\\matchers.py\", line 98, in run\n    self.func(context, *args, **kwargs)\n  File \"features\\steps\\email_test.py\", line 31, in verify_email_worked\n    context.app.footer_page.verify_email_confirmation(text)\n  File \"C:\\Users\\sfrog\\Careerist\\internship\\pages\\footer_page.py\", line 24, in verify_email_confirmation\n    self.verify_text(expected_text, *self.NOT_ROBOT)\n  File \"C:\\Users\\sfrog\\Careerist\\internship\\pages\\base_page.py\", line 42, in verify_text\n    assert expected_text == actual_text,\\\n           ^^^^^^^^^^^^^^^^^^^^^^^^^^^^\n"}, "steps": [{"name": "Given Open cureskin shop page", "status": "passed", "start": 1683160450934, "stop": 1683160458094}, {"name": "When close popup", "status": "passed", "start": 1683160458095, "stop": 1683160458459}, {"name": "When enter invalid email hello", "status": "passed", "start": 1683160458460, "stop": 1683160461301}, {"name": "When enter valid email bob@gmail.com", "status": "passed", "start": 1683160461302, "stop": 1683160466520}, {"name": "Then verify that To continue, let us know you're not a robot.", "status": "failed", "statusDetails": {"message": "AssertionError: Checking by locator ('xpath', '//div/p[@class]'). Expected To continue, let us know you're not a robot., but got \n          4.47 /\n            5.0\n        \n", "trace": "  File \"C:\\Users\\sfrog\\AppData\\Local\\Programs\\Python\\Python311\\Lib\\site-packages\\behave\\model.py\", line 1329, in run\n    match.run(runner.context)\n  File \"C:\\Users\\sfrog\\AppData\\Local\\Programs\\Python\\Python311\\Lib\\site-packages\\behave\\matchers.py\", line 98, in run\n    self.func(context, *args, **kwargs)\n  File \"features\\steps\\email_test.py\", line 31, in verify_email_worked\n    context.app.footer_page.verify_email_confirmation(text)\n  File \"C:\\Users\\sfrog\\Careerist\\internship\\pages\\footer_page.py\", line 24, in verify_email_confirmation\n    self.verify_text(expected_text, *self.NOT_ROBOT)\n  File \"C:\\Users\\sfrog\\Careerist\\internship\\pages\\base_page.py\", line 42, in verify_text\n    assert expected_text == actual_text,\\\n           ^^^^^^^^^^^^^^^^^^^^^^^^^^^^\n"}, "start": 1683160466520, "stop": 1683160466876}], "start": 1683160445336, "stop": 1683160468017, "uuid": "f5b96fa5-1835-42ea-8b57-57c7168a095d", "historyId": "3e652bd8f44d64ef4f4fb906da70b859", "fullName": "Email address test: confirm user enters valid email", "labels": [{"name": "severity", "value": "normal"}, {"name": "feature", "value": "Email address test"}, {"name": "framework", "value": "behave"}, {"name": "language", "value": "cpython3"}]}