{"name": "confirm user enters valid email", "status": "failed", "statusDetails": {"message": "AssertionError: Checking by locator ('xpath', '//div/p[@class]'). Expected To continue, let us know you're not a robot., but got \n    To continue, let us know you're not a robot.\n  \n", "trace": "  File \"C:\\Users\\sfrog\\AppData\\Local\\Programs\\Python\\Python311\\Lib\\site-packages\\behave\\model.py\", line 1329, in run\n    match.run(runner.context)\n  File \"C:\\Users\\sfrog\\AppData\\Local\\Programs\\Python\\Python311\\Lib\\site-packages\\behave\\matchers.py\", line 98, in run\n    self.func(context, *args, **kwargs)\n  File \"features\\steps\\email_test.py\", line 31, in verify_email_worked\n    context.app.footer_page.verify_email_confirmation(text)\n  File \"C:\\Users\\sfrog\\Careerist\\internship\\pages\\footer_page.py\", line 24, in verify_email_confirmation\n    self.verify_text(expected_text, *self.NOT_ROBOT)\n  File \"C:\\Users\\sfrog\\Careerist\\internship\\pages\\base_page.py\", line 42, in verify_text\n    assert expected_text == actual_text,\\\n           ^^^^^^^^^^^^^^^^^^^^^^^^^^^^\n"}, "steps": [{"name": "Given Open cureskin shop page", "status": "passed", "start": 1683257756490, "stop": 1683257763929}, {"name": "When close popup", "status": "passed", "start": 1683257763929, "stop": 1683257764325}, {"name": "When enter invalid email hello", "status": "passed", "start": 1683257764325, "stop": 1683257767136}, {"name": "When enter valid email beb@gmail.com", "status": "passed", "start": 1683257767136, "stop": 1683257773973}, {"name": "Then verify that To continue, let us know you're not a robot.", "status": "failed", "statusDetails": {"message": "AssertionError: Checking by locator ('xpath', '//div/p[@class]'). Expected To continue, let us know you're not a robot., but got \n    To continue, let us know you're not a robot.\n  \n", "trace": "  File \"C:\\Users\\sfrog\\AppData\\Local\\Programs\\Python\\Python311\\Lib\\site-packages\\behave\\model.py\", line 1329, in run\n    match.run(runner.context)\n  File \"C:\\Users\\sfrog\\AppData\\Local\\Programs\\Python\\Python311\\Lib\\site-packages\\behave\\matchers.py\", line 98, in run\n    self.func(context, *args, **kwargs)\n  File \"features\\steps\\email_test.py\", line 31, in verify_email_worked\n    context.app.footer_page.verify_email_confirmation(text)\n  File \"C:\\Users\\sfrog\\Careerist\\internship\\pages\\footer_page.py\", line 24, in verify_email_confirmation\n    self.verify_text(expected_text, *self.NOT_ROBOT)\n  File \"C:\\Users\\sfrog\\Careerist\\internship\\pages\\base_page.py\", line 42, in verify_text\n    assert expected_text == actual_text,\\\n           ^^^^^^^^^^^^^^^^^^^^^^^^^^^^\n"}, "start": 1683257773973, "stop": 1683257774280}], "start": 1683257751791, "stop": 1683257775479, "uuid": "6826c456-9463-4681-9ca6-da2c739232bc", "historyId": "3e652bd8f44d64ef4f4fb906da70b859", "fullName": "Email address test: confirm user enters valid email", "labels": [{"name": "severity", "value": "normal"}, {"name": "feature", "value": "Email address test"}, {"name": "framework", "value": "behave"}, {"name": "language", "value": "cpython3"}]}