{"name": "confirm user enters valid email", "status": "failed", "statusDetails": {"message": "AssertionError: Checking by locator ('xpath', '//div/p[@class]'). Expected To continue, let us know you're not a robot., but got \n          4.47 /\n            5.0\n        \n", "trace": "  File \"C:\\Users\\sfrog\\AppData\\Local\\Programs\\Python\\Python311\\Lib\\site-packages\\behave\\model.py\", line 1329, in run\n    match.run(runner.context)\n  File \"C:\\Users\\sfrog\\AppData\\Local\\Programs\\Python\\Python311\\Lib\\site-packages\\behave\\matchers.py\", line 98, in run\n    self.func(context, *args, **kwargs)\n  File \"features\\steps\\email_test.py\", line 31, in verify_email_worked\n    context.app.footer_page.verify_email_confirmation(text)\n  File \"C:\\Users\\sfrog\\Careerist\\internship\\pages\\footer_page.py\", line 24, in verify_email_confirmation\n    self.verify_text(expected_text, *self.NOT_ROBOT)\n  File \"C:\\Users\\sfrog\\Careerist\\internship\\pages\\base_page.py\", line 42, in verify_text\n    assert expected_text == actual_text,\\\n           ^^^^^^^^^^^^^^^^^^^^^^^^^^^^\n"}, "steps": [{"name": "Given Open cureskin shop page", "status": "passed", "start": 1683160859999, "stop": 1683160868392}, {"name": "When close popup", "status": "passed", "start": 1683160868392, "stop": 1683160869111}, {"name": "When enter invalid email hello", "status": "passed", "start": 1683160869112, "stop": 1683160873276}, {"name": "When enter valid email beb@gmail.com", "status": "passed", "start": 1683160873276, "stop": 1683160884530}, {"name": "Then verify that To continue, let us know you're not a robot.", "status": "failed", "statusDetails": {"message": "AssertionError: Checking by locator ('xpath', '//div/p[@class]'). Expected To continue, let us know you're not a robot., but got \n          4.47 /\n            5.0\n        \n", "trace": "  File \"C:\\Users\\sfrog\\AppData\\Local\\Programs\\Python\\Python311\\Lib\\site-packages\\behave\\model.py\", line 1329, in run\n    match.run(runner.context)\n  File \"C:\\Users\\sfrog\\AppData\\Local\\Programs\\Python\\Python311\\Lib\\site-packages\\behave\\matchers.py\", line 98, in run\n    self.func(context, *args, **kwargs)\n  File \"features\\steps\\email_test.py\", line 31, in verify_email_worked\n    context.app.footer_page.verify_email_confirmation(text)\n  File \"C:\\Users\\sfrog\\Careerist\\internship\\pages\\footer_page.py\", line 24, in verify_email_confirmation\n    self.verify_text(expected_text, *self.NOT_ROBOT)\n  File \"C:\\Users\\sfrog\\Careerist\\internship\\pages\\base_page.py\", line 42, in verify_text\n    assert expected_text == actual_text,\\\n           ^^^^^^^^^^^^^^^^^^^^^^^^^^^^\n"}, "start": 1683160884531, "stop": 1683160885172}], "start": 1683160852200, "stop": 1683160886202, "uuid": "be03b85f-5e08-4610-8da3-8edbb7f570b4", "historyId": "3e652bd8f44d64ef4f4fb906da70b859", "fullName": "Email address test: confirm user enters valid email", "labels": [{"name": "severity", "value": "normal"}, {"name": "feature", "value": "Email address test"}, {"name": "framework", "value": "behave"}, {"name": "language", "value": "cpython3"}]}